<?xml version="1.0" encoding="utf-8"?><testsuites><testsuite name="pytest" errors="0" failures="0" skipped="0" tests="77" time="26.563" timestamp="2026-07-16T14:47:59.429363" hostname="gpu"><testcase classname="tests.integration.lifecycle.test_candidate_validation" name="test_first_stale_candidate_skipped_to_valid_second" time="0.598" /><testcase classname="tests.integration.lifecycle.test_candidate_validation" name="test_all_stale_candidates_result_in_new_anonymous" time="0.484" /><testcase classname="tests.integration.lifecycle.test_candidate_validation" name="test_malformed_candidate_skipped" time="0.396" /><testcase classname="tests.integration.lifecycle.test_candidate_validation" name="test_inactive_sample_candidate_skipped" time="0.507" /><testcase classname="tests.integration.lifecycle.test_candidate_validation" name="test_exact_threshold_boundary_accepted" time="0.300" /><testcase classname="tests.integration.lifecycle.test_candidate_validation" name="test_non_finite_candidates_skipped" time="0.220" /><testcase classname="tests.integration.lifecycle.test_candidate_validation" name="test_vector_query_failure_fails_process_and_creates_nothing" time="0.194" /><testcase classname="tests.integration.lifecycle.test_candidate_validation" name="test_negative_cosine_yields_new_anonymous_with_zero_confidence" time="0.968" /><testcase classname="tests.integration.lifecycle.test_concurrent_uow_isolation" name="test_same_service_instance_handles_two_concurrent_resolve_calls" time="1.093" /><testcase classname="tests.integration.lifecycle.test_failure_paths" name="test_minio_failure_no_completed_result" time="0.862" /><testcase classname="tests.integration.lifecycle.test_failure_paths" name="test_qdrant_failure_no_completed_result" time="0.262" /><testcase classname="tests.integration.lifecycle.test_identity_storage_lifecycle" name="test_vector_a_first_request_returns_new_anonymous" time="0.784" /><testcase classname="tests.integration.lifecycle.test_identity_storage_lifecycle" name="test_vector_a_repeated_returns_anonymous_same_face" time="0.904" /><testcase classname="tests.integration.lifecycle.test_identity_storage_lifecycle" name="test_orthogonal_vector_b_returns_new_anonymous_different_face" time="0.934" /><testcase classname="tests.integration.lifecycle.test_identity_storage_lifecycle" name="test_enroll_preserves_face_id_and_later_known" time="0.979" /><testcase classname="tests.integration.lifecycle.test_identity_storage_lifecycle" name="test_old_result_snapshot_remains_new_anonymous" time="0.886" /><testcase classname="tests.integration.lifecycle.test_inactive_rejection" name="test_inactive_identity_not_returned_as_candidate" time="1.143" /><testcase classname="tests.integration.lifecycle.test_multiple_samples" name="test_multiple_samples_same_face" time="0.938" /><testcase classname="tests.integration.lifecycle.test_optimistic_locking" name="test_concurrent_enrollments_one_wins_with_optimistic_lock" time="0.954" /><testcase classname="tests.integration.lifecycle.test_optimistic_locking" name="test_update_with_expected_version_rejects_stale_version" time="0.942" /><testcase classname="tests.integration.lifecycle.test_restart_persistence" name="test_data_survives_restart" time="7.116" /><testcase classname="tests.integration.persistence.test_migrations" name="test_upgrade_head_creates_tables" time="0.047" /><testcase classname="tests.integration.persistence.test_migrations" name="test_required_constraints_and_indexes" time="0.090" /><testcase classname="tests.integration.persistence.test_repositories" name="test_face_identity_crud" time="0.150" /><testcase classname="tests.integration.persistence.test_repositories" name="test_face_sample_crud" time="0.154" /><testcase classname="tests.integration.persistence.test_repositories" name="test_process_record_crud" time="0.150" /><testcase classname="tests.integration.persistence.test_repositories" name="test_recognition_result_crud" time="0.083" /><testcase classname="tests.integration.storage.test_minio_adapter" name="test_upload_and_stat_valid_webp" time="0.022" /><testcase classname="tests.integration.vectors.test_qdrant_adapter" name="test_upsert_and_query_vector_a" time="0.520" /><testcase classname="tests.integration.vectors.test_qdrant_adapter" name="test_orthogonal_vector_returns_near_zero_score" time="0.486" /><testcase classname="tests.integration.vectors.test_qdrant_adapter" name="test_active_filter_excludes_inactive" time="0.561" /><testcase classname="tests.integration.vectors.test_qdrant_adapter" name="test_vector_must_be_unit_normalized_length_512" time="0.041" /><testcase classname="tests.integration.vectors.test_qdrant_adapter" name="test_cosine_of_fixtures_is_zero" time="0.043" /><testcase classname="tests.unit.domain.test_face_identity" name="test_new_identity_defaults_to_anonymous" time="0.001" /><testcase classname="tests.unit.domain.test_face_identity" name="test_promote_anonymous_to_known" time="0.000" /><testcase classname="tests.unit.domain.test_face_identity" name="test_promote_requires_non_empty_name" time="0.000" /><testcase classname="tests.unit.domain.test_face_identity" name="test_cannot_promote_known_identity" time="0.000" /><testcase classname="tests.unit.domain.test_face_identity" name="test_deactivate_sets_deleted_at" time="0.000" /><testcase classname="tests.unit.domain.test_face_identity" name="test_cannot_promote_inactive_identity" time="0.000" /><testcase classname="tests.unit.domain.test_face_identity" name="test_known_identity_requires_display_name_at_creation" time="0.000" /><testcase classname="tests.unit.domain.test_face_sample" name="test_new_sample_is_pending" time="0.000" /><testcase classname="tests.unit.domain.test_face_sample" name="test_mark_active_transitions_from_pending" time="0.000" /><testcase classname="tests.unit.domain.test_face_sample" name="test_mark_failed_from_pending" time="0.000" /><testcase classname="tests.unit.domain.test_face_sample" name="test_mark_inactive_from_active" time="0.000" /><testcase classname="tests.unit.domain.test_face_sample" name="test_cannot_activate_failed_sample" time="0.000" /><testcase classname="tests.unit.domain.test_process_record" name="test_new_process_is_processing" time="0.000" /><testcase classname="tests.unit.domain.test_process_record" name="test_complete_sets_status_and_count" time="0.000" /><testcase classname="tests.unit.domain.test_process_record" name="test_fail_sets_error" time="0.000" /><testcase classname="tests.unit.domain.test_process_record" name="test_cannot_complete_completed_process" time="0.000" /><testcase classname="tests.unit.infrastructure.test_uuid7" name="test_generate_uuid7_returns_uuid_instance" time="0.000" /><testcase classname="tests.unit.infrastructure.test_uuid7" name="test_generate_uuid7_version_is_7" time="0.000" /><testcase classname="tests.unit.infrastructure.test_uuid7" name="test_generate_uuid7_produces_distinct_values" time="0.001" /><testcase classname="tests.unit.support.test_resource_guard" name="test_accepts_valid_test_environment" time="0.001" /><testcase classname="tests.unit.support.test_resource_guard" name="test_rejects_missing_test_mode" time="0.000" /><testcase classname="tests.unit.support.test_resource_guard" name="test_rejects_wrong_namespace" time="0.001" /><testcase classname="tests.unit.support.test_resource_guard" name="test_rejects_wrong_database_name" time="0.000" /><testcase classname="tests.unit.support.test_resource_guard" name="test_rejects_remote_database_host" time="0.000" /><testcase classname="tests.unit.support.test_resource_guard" name="test_rejects_missing_database_url" time="0.000" /><testcase classname="tests.unit.support.test_resource_guard" name="test_rejects_wrong_minio_bucket" time="0.000" /><testcase classname="tests.unit.support.test_resource_guard" name="test_rejects_remote_minio_endpoint" time="0.000" /><testcase classname="tests.unit.support.test_resource_guard" name="test_rejects_wrong_qdrant_collection" time="0.000" /><testcase classname="tests.unit.support.test_resource_guard" name="test_rejects_remote_qdrant_url" time="0.000" /><testcase classname="tests.unit.support.test_resource_guard" name="test_guard_cleanup_decorator_blocks_without_env" time="0.000" /><testcase classname="tests.unit.test_domain_dependency_boundary" name="test_domain_file_does_not_import_infrastructure[backend/app/domain/value_objects.py]" time="0.002" /><testcase classname="tests.unit.test_domain_dependency_boundary" name="test_domain_file_does_not_import_infrastructure[backend/app/domain/errors.py]" time="0.001" /><testcase classname="tests.unit.test_domain_dependency_boundary" name="test_domain_file_does_not_import_infrastructure[backend/app/domain/__init__.py]" time="0.000" /><testcase classname="tests.unit.test_domain_dependency_boundary" name="test_domain_file_does_not_import_infrastructure[backend/app/domain/entities/process_record.py]" time="0.001" /><testcase classname="tests.unit.test_domain_dependency_boundary" name="test_domain_file_does_not_import_infrastructure[backend/app/domain/entities/recognition_result.py]" time="0.001" /><testcase classname="tests.unit.test_domain_dependency_boundary" name="test_domain_file_does_not_import_infrastructure[backend/app/domain/entities/face_identity.py]" time="0.001" /><testcase classname="tests.unit.test_domain_dependency_boundary" name="test_domain_file_does_not_import_infrastructure[backend/app/domain/entities/face_sample.py]" time="0.001" /><testcase classname="tests.unit.test_domain_dependency_boundary" name="test_domain_file_does_not_import_infrastructure[backend/app/domain/entities/__init__.py]" time="0.000" /><testcase classname="tests.unit.test_domain_dependency_boundary" name="test_application_file_does_not_import_infrastructure[backend/app/application/services/identity_storage_lifecycle_service.py]" time="0.006" /><testcase classname="tests.unit.test_domain_dependency_boundary" name="test_application_file_does_not_import_infrastructure[backend/app/application/ports/object_store.py]" time="0.001" /><testcase classname="tests.unit.test_domain_dependency_boundary" name="test_application_file_does_not_import_infrastructure[backend/app/application/ports/repositories.py]" time="0.001" /><testcase classname="tests.unit.test_domain_dependency_boundary" name="test_application_file_does_not_import_infrastructure[backend/app/application/ports/vector_store.py]" time="0.001" /><testcase classname="tests.unit.test_domain_dependency_boundary" name="test_application_file_does_not_import_infrastructure[backend/app/application/ports/unit_of_work.py]" time="0.001" /><testcase classname="tests.unit.test_domain_dependency_boundary" name="test_application_file_does_not_import_infrastructure[backend/app/application/ports/id_generator.py]" time="0.001" /></testsuite></testsuites>